Performing C++ SOURCE FILE Test CXX_HAS_STD_CXX11 failed with the following output:
Change Dir: /home/sriram/technology/thesisilp/extlp/CMakeFiles/CMakeTmp

Run Build Command:/usr/bin/make "cmTryCompileExec/fast"
/usr/bin/make -f CMakeFiles/cmTryCompileExec.dir/build.make CMakeFiles/cmTryCompileExec.dir/build
make[1]: Entering directory `/home/sriram/technology/thesisilp/extlp/CMakeFiles/CMakeTmp'
/usr/bin/cmake -E cmake_progress_report /home/sriram/technology/thesisilp/extlp/CMakeFiles/CMakeTmp/CMakeFiles 1
Building CXX object CMakeFiles/cmTryCompileExec.dir/src.cxx.o
/usr/bin/g++    -W -Wall -pedantic -Wno-long-long -Wextra -ftemplate-depth=1024  -DCXX_HAS_STD_CXX11   -std=c++11 -o CMakeFiles/cmTryCompileExec.dir/src.cxx.o -c /home/sriram/technology/thesisilp/extlp/CMakeFiles/CMakeTmp/src.cxx
cc1plus: error: unrecognized command line option ‘-std=c++11’
make[1]: *** [CMakeFiles/cmTryCompileExec.dir/src.cxx.o] Error 1
make[1]: Leaving directory `/home/sriram/technology/thesisilp/extlp/CMakeFiles/CMakeTmp'
make: *** [cmTryCompileExec/fast] Error 2

Source file was:
int main() { return 0;}
Determining if the function pthread_create exists in the pthreads failed with the following output:
Change Dir: /home/sriram/technology/thesisilp/extlp/CMakeFiles/CMakeTmp

Run Build Command:/usr/bin/make "cmTryCompileExec/fast"
/usr/bin/make -f CMakeFiles/cmTryCompileExec.dir/build.make CMakeFiles/cmTryCompileExec.dir/build
make[1]: Entering directory `/home/sriram/technology/thesisilp/extlp/CMakeFiles/CMakeTmp'
/usr/bin/cmake -E cmake_progress_report /home/sriram/technology/thesisilp/extlp/CMakeFiles/CMakeTmp/CMakeFiles 1
Building C object CMakeFiles/cmTryCompileExec.dir/CheckFunctionExists.c.o
/usr/bin/gcc   -DCHECK_FUNCTION_EXISTS=pthread_create   -o CMakeFiles/cmTryCompileExec.dir/CheckFunctionExists.c.o   -c /usr/share/cmake-2.8/Modules/CheckFunctionExists.c
Linking C executable cmTryCompileExec
/usr/bin/cmake -E cmake_link_script CMakeFiles/cmTryCompileExec.dir/link.txt --verbose=1
/usr/bin/gcc     -DCHECK_FUNCTION_EXISTS=pthread_create    CMakeFiles/cmTryCompileExec.dir/CheckFunctionExists.c.o  -o cmTryCompileExec -rdynamic -lpthreads 
/usr/bin/ld: cannot find -lpthreads
collect2: ld returned 1 exit status
make[1]: *** [cmTryCompileExec] Error 1
make[1]: Leaving directory `/home/sriram/technology/thesisilp/extlp/CMakeFiles/CMakeTmp'
make: *** [cmTryCompileExec/fast] Error 2


